#! /opt/homebrew/Cellar/icarus-verilog/12.0/bin/vvp
:ivl_version "12.0 (stable)";
:ivl_delay_selection "TYPICAL";
:vpi_time_precision + 0;
:vpi_module "/opt/homebrew/Cellar/icarus-verilog/12.0/lib/ivl/system.vpi";
:vpi_module "/opt/homebrew/Cellar/icarus-verilog/12.0/lib/ivl/vhdl_sys.vpi";
:vpi_module "/opt/homebrew/Cellar/icarus-verilog/12.0/lib/ivl/vhdl_textio.vpi";
:vpi_module "/opt/homebrew/Cellar/icarus-verilog/12.0/lib/ivl/v2005_math.vpi";
:vpi_module "/opt/homebrew/Cellar/icarus-verilog/12.0/lib/ivl/va_math.vpi";
S_0x12ee04df0 .scope module, "simpleADDER_TB" "simpleADDER_TB" 2 3;
 .timescale 0 0;
v0x600001d94630_0 .var "clk", 0 0;
v0x600001d946c0_0 .var/s "in_0", 24 0;
v0x600001d94750_0 .var/s "in_1", 24 0;
v0x600001d947e0_0 .var/s "in_2", 24 0;
v0x600001d94870_0 .var/s "in_3", 24 0;
v0x600001d94900_0 .net/s "out", 24 0, L_0x600000490b60;  1 drivers
S_0x12ee04f60 .scope module, "simpleADDERMODULE" "simpleADDER" 2 12, 3 1 0, S_0x12ee04df0;
 .timescale 0 0;
    .port_info 0 /INPUT 25 "WORD_0";
    .port_info 1 /INPUT 25 "WORD_1";
    .port_info 2 /INPUT 25 "WORD_2";
    .port_info 3 /INPUT 25 "WORD_3";
    .port_info 4 /INPUT 1 "CLK";
    .port_info 5 /OUTPUT 25 "RES";
v0x600001d94360_2 .array/port v0x600001d94360, 2;
L_0x600000490b60 .functor BUFZ 25, v0x600001d94360_2, C4<0000000000000000000000000>, C4<0000000000000000000000000>, C4<0000000000000000000000000>;
v0x600001d94240_0 .net "CLK", 0 0, v0x600001d94630_0;  1 drivers
v0x600001d942d0_0 .net/s "RES", 24 0, L_0x600000490b60;  alias, 1 drivers
v0x600001d94360 .array/s "SUM", 0 2, 24 0;
v0x600001d943f0_0 .net/s "WORD_0", 24 0, v0x600001d946c0_0;  1 drivers
v0x600001d94480_0 .net/s "WORD_1", 24 0, v0x600001d94750_0;  1 drivers
v0x600001d94510_0 .net/s "WORD_2", 24 0, v0x600001d947e0_0;  1 drivers
v0x600001d945a0_0 .net/s "WORD_3", 24 0, v0x600001d94870_0;  1 drivers
E_0x600003a95380 .event posedge, v0x600001d94240_0;
    .scope S_0x12ee04f60;
T_0 ;
    %wait E_0x600003a95380;
    %load/vec4 v0x600001d943f0_0;
    %load/vec4 v0x600001d94480_0;
    %add;
    %ix/load 3, 0, 0;
    %flag_set/imm 4, 0;
    %ix/load 4, 0, 0; Constant delay
    %assign/vec4/a/d v0x600001d94360, 0, 4;
    %load/vec4 v0x600001d94510_0;
    %load/vec4 v0x600001d945a0_0;
    %add;
    %ix/load 3, 1, 0;
    %flag_set/imm 4, 0;
    %ix/load 4, 0, 0; Constant delay
    %assign/vec4/a/d v0x600001d94360, 0, 4;
    %ix/load 4, 0, 0;
    %flag_set/imm 4, 0;
    %load/vec4a v0x600001d94360, 4;
    %ix/load 4, 1, 0;
    %flag_set/imm 4, 0;
    %load/vec4a v0x600001d94360, 4;
    %add;
    %ix/load 3, 2, 0;
    %flag_set/imm 4, 0;
    %ix/load 4, 0, 0; Constant delay
    %assign/vec4/a/d v0x600001d94360, 0, 4;
    %jmp T_0;
    .thread T_0;
    .scope S_0x12ee04df0;
T_1 ;
    %delay 5, 0;
    %load/vec4 v0x600001d94630_0;
    %inv;
    %assign/vec4 v0x600001d94630_0, 0;
    %jmp T_1;
    .thread T_1;
    .scope S_0x12ee04df0;
T_2 ;
    %pushi/vec4 0, 0, 1;
    %store/vec4 v0x600001d94630_0, 0, 1;
    %pushi/vec4 0, 0, 25;
    %store/vec4 v0x600001d946c0_0, 0, 25;
    %pushi/vec4 0, 0, 25;
    %store/vec4 v0x600001d94750_0, 0, 25;
    %pushi/vec4 0, 0, 25;
    %store/vec4 v0x600001d947e0_0, 0, 25;
    %pushi/vec4 0, 0, 25;
    %store/vec4 v0x600001d94870_0, 0, 25;
    %delay 3, 0;
    %pushi/vec4 5, 0, 25;
    %assign/vec4 v0x600001d946c0_0, 0;
    %pushi/vec4 4, 0, 25;
    %assign/vec4 v0x600001d94750_0, 0;
    %delay 10, 0;
    %vpi_call 2 33 "$display", v0x600001d94900_0 {0 0 0};
    %vpi_call 2 35 "$finish" {0 0 0};
    %end;
    .thread T_2;
# The file index is used to find the file name in the following table.
:file_names 4;
    "N/A";
    "<interactive>";
    "simpleADDER_TB.v";
    "./simpleADDER.v";
